<?xml version="1.0" encoding="UTF-8"?>
<!-- Generated by org.testng.reporters.JUnitReportReporter -->
<testsuite hostname="ASCINLAP61408" failures="0" tests="2" name="surya1.test" time="24.903" errors="0" timestamp="2025-10-16T10:00:57 IST" skipped="0">
  <testcase classname="surya1.test" name="f" time="13.671"/>
  <testcase classname="surya1.test" name="f" time="11.232"/>
</testsuite> <!-- surya1.test -->
