<?xml version="1.0" encoding="UTF-8"?>
<!-- Generated by org.testng.reporters.JUnitReportReporter -->
<testsuite hostname="ASCINLAP61408" failures="0" tests="2" name="surya1.lab8" time="34.820" errors="0" timestamp="2025-10-16T10:25:21 IST" skipped="0">
  <testcase classname="surya1.lab8" name="lab3BasicFlowTest" time="18.980">
    <system-out>
      <![CDATA[Clicked on the 'Desktops' tab.
Clicked on 'Mac' from the dropdown.
Selected 'Name (A - Z)' from the Sort By dropdown.
Clicked 'Add to Cart' for the iMac.
Verified that the product was successfully added to the cart.]]>
    </system-out>
  </testcase> <!-- lab3BasicFlowTest -->
  <testcase classname="surya1.lab8" name="lab4ValidationTest" time="15.840">
    <system-out>
      <![CDATA[Verified the page title is 'Your Store'.
Clicked on the 'Desktops' tab.
Clicked on 'Mac' from the dropdown.
Verified the page heading is 'Mac'.
Selected 'Name (A - Z)' from the Sort By dropdown.
Clicked 'Add to Cart' and verified the success message.
Searched for 'Mobile'.
Cleared the search criteria text box.
Entered 'Monitors' into the search criteria text box.
Checked the 'Search in product descriptions' checkbox.
Clicked the search button to perform a new search.
Verified that the search results page for 'Monitors' is displayed correctly.]]>
    </system-out>
  </testcase> <!-- lab4ValidationTest -->
  <system-out>
    <![CDATA[Browser opened and navigated to the TutorialsNinja URL.
Clicked on the 'Desktops' tab.
Clicked on 'Mac' from the dropdown.
Selected 'Name (A - Z)' from the Sort By dropdown.
Clicked 'Add to Cart' for the iMac.
Verified that the product was successfully added to the cart.
Browser closed.
Browser opened and navigated to the TutorialsNinja URL.
Verified the page title is 'Your Store'.
Clicked on the 'Desktops' tab.
Clicked on 'Mac' from the dropdown.
Verified the page heading is 'Mac'.
Selected 'Name (A - Z)' from the Sort By dropdown.
Clicked 'Add to Cart' and verified the success message.
Searched for 'Mobile'.
Cleared the search criteria text box.
Entered 'Monitors' into the search criteria text box.
Checked the 'Search in product descriptions' checkbox.
Clicked the search button to perform a new search.
Verified that the search results page for 'Monitors' is displayed correctly.
Browser closed.]]>
  </system-out>
</testsuite> <!-- surya1.lab8 -->
